<?xml version="1.0" encoding="UTF-8"?>
<!-- Generated by org.testng.reporters.JUnitXMLReporter -->
<testsuite ignored="0" hostname="CMDLHRLT759" failures="0" tests="5" name="Default test" time="49.923" errors="0" timestamp="2022-11-25T06:03:05 EST">
  <testcase classname="Test_Casses.TestCases" name="Testcase1" time="11.106"/>
  <testcase classname="Test_Casses.TestCases" name="Testcase2" time="9.341"/>
  <testcase classname="Test_Casses.TestCases" name="Testcase3" time="9.003"/>
  <testcase classname="Test_Casses.TestCases" name="Testcase4" time="10.462"/>
  <testcase classname="Test_Casses.TestCases" name="Testcase5" time="9.928"/>
</testsuite> <!-- Default test -->
